Analysis & Synthesis report for uniciclo
Mon Jun 24 02:56:04 2019
Quartus II 64-Bit Version 13.0.1 Build 232 06/12/2013 Service Pack 1 SJ Web Edition


---------------------
; Table of Contents ;
---------------------
  1. Legal Notice
  2. Analysis & Synthesis Summary
  3. Analysis & Synthesis Settings
  4. Parallel Compilation
  5. Analysis & Synthesis Source Files Read
  6. Analysis & Synthesis Resource Usage Summary
  7. Analysis & Synthesis Resource Utilization by Entity
  8. Analysis & Synthesis RAM Summary
  9. Analysis & Synthesis IP Cores Summary
 10. Registers Removed During Synthesis
 11. Removed Registers Triggering Further Register Optimizations
 12. General Register Statistics
 13. Multiplexer Restructuring Statistics (Restructuring Performed)
 14. Source assignments for memory_instruction:mi|altsyncram:altsyncram_component|altsyncram_6m71:auto_generated
 15. Source assignments for data_memory:md|altsyncram:altsyncram_component|altsyncram_unc1:auto_generated
 16. Parameter Settings for User Entity Instance: xreg:b_regis
 17. Parameter Settings for User Entity Instance: pc:PC_P
 18. Parameter Settings for User Entity Instance: somador:sum_pc_4
 19. Parameter Settings for User Entity Instance: memory_instruction:mi|altsyncram:altsyncram_component
 20. Parameter Settings for User Entity Instance: somador:sum_imm_pc
 21. Parameter Settings for User Entity Instance: data_memory:md|altsyncram:altsyncram_component
 22. altsyncram Parameter Settings by Entity Instance
 23. Port Connectivity Checks: "somador:sum_pc_4"
 24. Elapsed Time Per Partition
 25. Analysis & Synthesis Messages



----------------
; Legal Notice ;
----------------
Copyright (C) 1991-2013 Altera Corporation
Your use of Altera Corporation's design tools, logic functions 
and other software and tools, and its AMPP partner logic 
functions, and any output files from any of the foregoing 
(including device programming or simulation files), and any 
associated documentation or information are expressly subject 
to the terms and conditions of the Altera Program License 
Subscription Agreement, Altera MegaCore Function License 
Agreement, or other applicable license agreement, including, 
without limitation, that your use is for the sole purpose of 
programming logic devices manufactured by Altera and sold by 
Altera or its authorized distributors.  Please refer to the 
applicable agreement for further details.



+--------------------------------------------------------------------------------------+
; Analysis & Synthesis Summary                                                         ;
+------------------------------------+-------------------------------------------------+
; Analysis & Synthesis Status        ; Successful - Mon Jun 24 02:56:04 2019           ;
; Quartus II 64-Bit Version          ; 13.0.1 Build 232 06/12/2013 SP 1 SJ Web Edition ;
; Revision Name                      ; uniciclo                                        ;
; Top-level Entity Name              ; uniciclo                                        ;
; Family                             ; Cyclone II                                      ;
; Total logic elements               ; 3,335                                           ;
;     Total combinational functions  ; 2,375                                           ;
;     Dedicated logic registers      ; 1,024                                           ;
; Total registers                    ; 1024                                            ;
; Total pins                         ; 131                                             ;
; Total virtual pins                 ; 0                                               ;
; Total memory bits                  ; 16,384                                          ;
; Embedded Multiplier 9-bit elements ; 0                                               ;
; Total PLLs                         ; 0                                               ;
+------------------------------------+-------------------------------------------------+


+----------------------------------------------------------------------------------------------------------------------+
; Analysis & Synthesis Settings                                                                                        ;
+----------------------------------------------------------------------------+--------------------+--------------------+
; Option                                                                     ; Setting            ; Default Value      ;
+----------------------------------------------------------------------------+--------------------+--------------------+
; Device                                                                     ; EP2C70F896C6       ;                    ;
; Top-level entity name                                                      ; uniciclo           ; uniciclo           ;
; Family name                                                                ; Cyclone II         ; Cyclone IV GX      ;
; Use smart compilation                                                      ; Off                ; Off                ;
; Enable parallel Assembler and TimeQuest Timing Analyzer during compilation ; On                 ; On                 ;
; Enable compact report table                                                ; Off                ; Off                ;
; Restructure Multiplexers                                                   ; Auto               ; Auto               ;
; Create Debugging Nodes for IP Cores                                        ; Off                ; Off                ;
; Preserve fewer node names                                                  ; On                 ; On                 ;
; Disable OpenCore Plus hardware evaluation                                  ; Off                ; Off                ;
; Verilog Version                                                            ; Verilog_2001       ; Verilog_2001       ;
; VHDL Version                                                               ; VHDL_1993          ; VHDL_1993          ;
; State Machine Processing                                                   ; Auto               ; Auto               ;
; Safe State Machine                                                         ; Off                ; Off                ;
; Extract Verilog State Machines                                             ; On                 ; On                 ;
; Extract VHDL State Machines                                                ; On                 ; On                 ;
; Ignore Verilog initial constructs                                          ; Off                ; Off                ;
; Iteration limit for constant Verilog loops                                 ; 5000               ; 5000               ;
; Iteration limit for non-constant Verilog loops                             ; 250                ; 250                ;
; Add Pass-Through Logic to Inferred RAMs                                    ; On                 ; On                 ;
; Infer RAMs from Raw Logic                                                  ; On                 ; On                 ;
; Parallel Synthesis                                                         ; On                 ; On                 ;
; DSP Block Balancing                                                        ; Auto               ; Auto               ;
; NOT Gate Push-Back                                                         ; On                 ; On                 ;
; Power-Up Don't Care                                                        ; On                 ; On                 ;
; Remove Redundant Logic Cells                                               ; Off                ; Off                ;
; Remove Duplicate Registers                                                 ; On                 ; On                 ;
; Ignore CARRY Buffers                                                       ; Off                ; Off                ;
; Ignore CASCADE Buffers                                                     ; Off                ; Off                ;
; Ignore GLOBAL Buffers                                                      ; Off                ; Off                ;
; Ignore ROW GLOBAL Buffers                                                  ; Off                ; Off                ;
; Ignore LCELL Buffers                                                       ; Off                ; Off                ;
; Ignore SOFT Buffers                                                        ; On                 ; On                 ;
; Limit AHDL Integers to 32 Bits                                             ; Off                ; Off                ;
; Optimization Technique                                                     ; Balanced           ; Balanced           ;
; Carry Chain Length                                                         ; 70                 ; 70                 ;
; Auto Carry Chains                                                          ; On                 ; On                 ;
; Auto Open-Drain Pins                                                       ; On                 ; On                 ;
; Perform WYSIWYG Primitive Resynthesis                                      ; Off                ; Off                ;
; Auto ROM Replacement                                                       ; On                 ; On                 ;
; Auto RAM Replacement                                                       ; On                 ; On                 ;
; Auto Shift Register Replacement                                            ; Auto               ; Auto               ;
; Allow Shift Register Merging across Hierarchies                            ; Auto               ; Auto               ;
; Auto Clock Enable Replacement                                              ; On                 ; On                 ;
; Strict RAM Replacement                                                     ; Off                ; Off                ;
; Allow Synchronous Control Signals                                          ; On                 ; On                 ;
; Force Use of Synchronous Clear Signals                                     ; Off                ; Off                ;
; Auto RAM to Logic Cell Conversion                                          ; Off                ; Off                ;
; Auto Resource Sharing                                                      ; Off                ; Off                ;
; Allow Any RAM Size For Recognition                                         ; Off                ; Off                ;
; Allow Any ROM Size For Recognition                                         ; Off                ; Off                ;
; Allow Any Shift Register Size For Recognition                              ; Off                ; Off                ;
; Use LogicLock Constraints during Resource Balancing                        ; On                 ; On                 ;
; Ignore translate_off and synthesis_off directives                          ; Off                ; Off                ;
; Timing-Driven Synthesis                                                    ; Off                ; Off                ;
; Report Parameter Settings                                                  ; On                 ; On                 ;
; Report Source Assignments                                                  ; On                 ; On                 ;
; Report Connectivity Checks                                                 ; On                 ; On                 ;
; Ignore Maximum Fan-Out Assignments                                         ; Off                ; Off                ;
; Synchronization Register Chain Length                                      ; 2                  ; 2                  ;
; PowerPlay Power Optimization                                               ; Normal compilation ; Normal compilation ;
; HDL message level                                                          ; Level2             ; Level2             ;
; Suppress Register Optimization Related Messages                            ; Off                ; Off                ;
; Number of Removed Registers Reported in Synthesis Report                   ; 5000               ; 5000               ;
; Number of Swept Nodes Reported in Synthesis Report                         ; 5000               ; 5000               ;
; Number of Inverted Registers Reported in Synthesis Report                  ; 100                ; 100                ;
; Clock MUX Protection                                                       ; On                 ; On                 ;
; Auto Gated Clock Conversion                                                ; Off                ; Off                ;
; Block Design Naming                                                        ; Auto               ; Auto               ;
; SDC constraint protection                                                  ; Off                ; Off                ;
; Synthesis Effort                                                           ; Auto               ; Auto               ;
; Shift Register Replacement - Allow Asynchronous Clear Signal               ; On                 ; On                 ;
; Pre-Mapping Resynthesis Optimization                                       ; Off                ; Off                ;
; Analysis & Synthesis Message Level                                         ; Medium             ; Medium             ;
; Disable Register Merging Across Hierarchies                                ; Auto               ; Auto               ;
; Resource Aware Inference For Block RAM                                     ; On                 ; On                 ;
; Synthesis Seed                                                             ; 1                  ; 1                  ;
+----------------------------------------------------------------------------+--------------------+--------------------+


Parallel compilation was disabled, but you have multiple processors available. Enable parallel compilation to reduce compilation time.
+-------------------------------------+
; Parallel Compilation                ;
+----------------------------+--------+
; Processors                 ; Number ;
+----------------------------+--------+
; Number detected on machine ; 12     ;
; Maximum allowed            ; 1      ;
+----------------------------+--------+


+-----------------------------------------------------------------------------------------------------------------------------------------------------------------------------------------------------+
; Analysis & Synthesis Source Files Read                                                                                                                                                              ;
+----------------------------------+-----------------+----------------------------------------+---------------------------------------------------------------------------------------------+---------+
; File Name with User-Entered Path ; Used in Netlist ; File Type                              ; File Name with Absolute Path                                                                ; Library ;
+----------------------------------+-----------------+----------------------------------------+---------------------------------------------------------------------------------------------+---------+
; uniciclo.vhd                     ; yes             ; User VHDL File                         ; C:/Users/letic/Documents/GitHub/OAC-Trabalho-Final/riscv_uniciclo/uniciclo.vhd              ;         ;
; xreg.vhd                         ; yes             ; User VHDL File                         ; C:/Users/letic/Documents/GitHub/OAC-Trabalho-Final/riscv_uniciclo/xreg.vhd                  ;         ;
; control.vhd                      ; yes             ; User VHDL File                         ; C:/Users/letic/Documents/GitHub/OAC-Trabalho-Final/riscv_uniciclo/control.vhd               ;         ;
; c_ula.vhd                        ; yes             ; User VHDL File                         ; C:/Users/letic/Documents/GitHub/OAC-Trabalho-Final/riscv_uniciclo/c_ula.vhd                 ;         ;
; ula.vhd                          ; yes             ; User VHDL File                         ; C:/Users/letic/Documents/GitHub/OAC-Trabalho-Final/riscv_uniciclo/ula.vhd                   ;         ;
; somador.vhd                      ; yes             ; User VHDL File                         ; C:/Users/letic/Documents/GitHub/OAC-Trabalho-Final/riscv_uniciclo/somador.vhd               ;         ;
; pc.vhd                           ; yes             ; User VHDL File                         ; C:/Users/letic/Documents/GitHub/OAC-Trabalho-Final/riscv_uniciclo/pc.vhd                    ;         ;
; multiplexador_32_bits.vhd        ; yes             ; User VHDL File                         ; C:/Users/letic/Documents/GitHub/OAC-Trabalho-Final/riscv_uniciclo/multiplexador_32_bits.vhd ;         ;
; genImm32.vhd                     ; yes             ; User VHDL File                         ; C:/Users/letic/Documents/GitHub/OAC-Trabalho-Final/riscv_uniciclo/genImm32.vhd              ;         ;
; data_memory.vhd                  ; yes             ; User Wizard-Generated File             ; C:/Users/letic/Documents/GitHub/OAC-Trabalho-Final/riscv_uniciclo/data_memory.vhd           ;         ;
; memory_instruction.vhd           ; yes             ; User Wizard-Generated File             ; C:/Users/letic/Documents/GitHub/OAC-Trabalho-Final/riscv_uniciclo/memory_instruction.vhd    ;         ;
; types_components.vhd             ; yes             ; User VHDL File                         ; C:/Users/letic/Documents/GitHub/OAC-Trabalho-Final/riscv_uniciclo/types_components.vhd      ;         ;
; altsyncram.tdf                   ; yes             ; Megafunction                           ; c:/altera/13.0sp1/quartus/libraries/megafunctions/altsyncram.tdf                            ;         ;
; stratix_ram_block.inc            ; yes             ; Megafunction                           ; c:/altera/13.0sp1/quartus/libraries/megafunctions/stratix_ram_block.inc                     ;         ;
; lpm_mux.inc                      ; yes             ; Megafunction                           ; c:/altera/13.0sp1/quartus/libraries/megafunctions/lpm_mux.inc                               ;         ;
; lpm_decode.inc                   ; yes             ; Megafunction                           ; c:/altera/13.0sp1/quartus/libraries/megafunctions/lpm_decode.inc                            ;         ;
; aglobal130.inc                   ; yes             ; Megafunction                           ; c:/altera/13.0sp1/quartus/libraries/megafunctions/aglobal130.inc                            ;         ;
; a_rdenreg.inc                    ; yes             ; Megafunction                           ; c:/altera/13.0sp1/quartus/libraries/megafunctions/a_rdenreg.inc                             ;         ;
; altrom.inc                       ; yes             ; Megafunction                           ; c:/altera/13.0sp1/quartus/libraries/megafunctions/altrom.inc                                ;         ;
; altram.inc                       ; yes             ; Megafunction                           ; c:/altera/13.0sp1/quartus/libraries/megafunctions/altram.inc                                ;         ;
; altdpram.inc                     ; yes             ; Megafunction                           ; c:/altera/13.0sp1/quartus/libraries/megafunctions/altdpram.inc                              ;         ;
; db/altsyncram_6m71.tdf           ; yes             ; Auto-Generated Megafunction            ; C:/Users/letic/Documents/GitHub/OAC-Trabalho-Final/riscv_uniciclo/db/altsyncram_6m71.tdf    ;         ;
; text.hex                         ; yes             ; Auto-Found Memory Initialization File  ; C:/Users/letic/Documents/GitHub/OAC-Trabalho-Final/riscv_uniciclo/text.hex                  ;         ;
; db/altsyncram_unc1.tdf           ; yes             ; Auto-Generated Megafunction            ; C:/Users/letic/Documents/GitHub/OAC-Trabalho-Final/riscv_uniciclo/db/altsyncram_unc1.tdf    ;         ;
; data.hex                         ; yes             ; Auto-Found Memory Initialization File  ; C:/Users/letic/Documents/GitHub/OAC-Trabalho-Final/riscv_uniciclo/data.hex                  ;         ;
+----------------------------------+-----------------+----------------------------------------+---------------------------------------------------------------------------------------------+---------+


+-----------------------------------------------------+
; Analysis & Synthesis Resource Usage Summary         ;
+---------------------------------------------+-------+
; Resource                                    ; Usage ;
+---------------------------------------------+-------+
; Estimated Total logic elements              ; 3,335 ;
;                                             ;       ;
; Total combinational functions               ; 2375  ;
; Logic element usage by number of LUT inputs ;       ;
;     -- 4 input functions                    ; 1853  ;
;     -- 3 input functions                    ; 449   ;
;     -- <=2 input functions                  ; 73    ;
;                                             ;       ;
; Logic elements by mode                      ;       ;
;     -- normal mode                          ; 2222  ;
;     -- arithmetic mode                      ; 153   ;
;                                             ;       ;
; Total registers                             ; 1024  ;
;     -- Dedicated logic registers            ; 1024  ;
;     -- I/O registers                        ; 0     ;
;                                             ;       ;
; I/O pins                                    ; 131   ;
; Total memory bits                           ; 16384 ;
; Embedded Multiplier 9-bit elements          ; 0     ;
; Maximum fan-out node                        ; clk   ;
; Maximum fan-out                             ; 1024  ;
; Total fan-out                               ; 13736 ;
; Average fan-out                             ; 3.82  ;
+---------------------------------------------+-------+


+-----------------------------------------------------------------------------------------------------------------------------------------------------------------------------------------------------------------------------------------------------------------------+
; Analysis & Synthesis Resource Utilization by Entity                                                                                                                                                                                                                   ;
+-------------------------------------------+-------------------+--------------+-------------+--------------+---------+-----------+------+--------------+------------------------------------------------------------------------------------------------+--------------+
; Compilation Hierarchy Node                ; LC Combinationals ; LC Registers ; Memory Bits ; DSP Elements ; DSP 9x9 ; DSP 18x18 ; Pins ; Virtual Pins ; Full Hierarchy Name                                                                            ; Library Name ;
+-------------------------------------------+-------------------+--------------+-------------+--------------+---------+-----------+------+--------------+------------------------------------------------------------------------------------------------+--------------+
; |uniciclo                                 ; 2375 (0)          ; 1024 (0)     ; 16384       ; 0            ; 0       ; 0         ; 131  ; 0            ; |uniciclo                                                                                      ; work         ;
;    |c_ula:contr_ula|                      ; 8 (8)             ; 0 (0)        ; 0           ; 0            ; 0       ; 0         ; 0    ; 0            ; |uniciclo|c_ula:contr_ula                                                                      ; work         ;
;    |control:ctrl|                         ; 2 (2)             ; 0 (0)        ; 0           ; 0            ; 0       ; 0         ; 0    ; 0            ; |uniciclo|control:ctrl                                                                         ; work         ;
;    |data_memory:md|                       ; 0 (0)             ; 0 (0)        ; 8192        ; 0            ; 0       ; 0         ; 0    ; 0            ; |uniciclo|data_memory:md                                                                       ; work         ;
;       |altsyncram:altsyncram_component|   ; 0 (0)             ; 0 (0)        ; 8192        ; 0            ; 0       ; 0         ; 0    ; 0            ; |uniciclo|data_memory:md|altsyncram:altsyncram_component                                       ; work         ;
;          |altsyncram_unc1:auto_generated| ; 0 (0)             ; 0 (0)        ; 8192        ; 0            ; 0       ; 0         ; 0    ; 0            ; |uniciclo|data_memory:md|altsyncram:altsyncram_component|altsyncram_unc1:auto_generated        ; work         ;
;    |genImm32:imm|                         ; 80 (80)           ; 0 (0)        ; 0           ; 0            ; 0       ; 0         ; 0    ; 0            ; |uniciclo|genImm32:imm                                                                         ; work         ;
;    |memory_instruction:mi|                ; 0 (0)             ; 0 (0)        ; 8192        ; 0            ; 0       ; 0         ; 0    ; 0            ; |uniciclo|memory_instruction:mi                                                                ; work         ;
;       |altsyncram:altsyncram_component|   ; 0 (0)             ; 0 (0)        ; 8192        ; 0            ; 0       ; 0         ; 0    ; 0            ; |uniciclo|memory_instruction:mi|altsyncram:altsyncram_component                                ; work         ;
;          |altsyncram_6m71:auto_generated| ; 0 (0)             ; 0 (0)        ; 8192        ; 0            ; 0       ; 0         ; 0    ; 0            ; |uniciclo|memory_instruction:mi|altsyncram:altsyncram_component|altsyncram_6m71:auto_generated ; work         ;
;    |multiplexador_32_bits:mux_inB_ula|    ; 33 (33)           ; 0 (0)        ; 0           ; 0            ; 0       ; 0         ; 0    ; 0            ; |uniciclo|multiplexador_32_bits:mux_inB_ula                                                    ; work         ;
;    |multiplexador_32_bits:mux_md_breg|    ; 32 (32)           ; 0 (0)        ; 0           ; 0            ; 0       ; 0         ; 0    ; 0            ; |uniciclo|multiplexador_32_bits:mux_md_breg                                                    ; work         ;
;    |pc:PC_P|                              ; 0 (0)             ; 32 (32)      ; 0           ; 0            ; 0       ; 0         ; 0    ; 0            ; |uniciclo|pc:PC_P                                                                              ; work         ;
;    |somador:sum_imm_pc|                   ; 64 (64)           ; 0 (0)        ; 0           ; 0            ; 0       ; 0         ; 0    ; 0            ; |uniciclo|somador:sum_imm_pc                                                                   ; work         ;
;    |somador:sum_pc_4|                     ; 30 (30)           ; 0 (0)        ; 0           ; 0            ; 0       ; 0         ; 0    ; 0            ; |uniciclo|somador:sum_pc_4                                                                     ; work         ;
;    |ula:alu|                              ; 740 (740)         ; 0 (0)        ; 0           ; 0            ; 0       ; 0         ; 0    ; 0            ; |uniciclo|ula:alu                                                                              ; work         ;
;    |xreg:b_regis|                         ; 1386 (1386)       ; 992 (992)    ; 0           ; 0            ; 0       ; 0         ; 0    ; 0            ; |uniciclo|xreg:b_regis                                                                         ; work         ;
+-------------------------------------------+-------------------+--------------+-------------+--------------+---------+-----------+------+--------------+------------------------------------------------------------------------------------------------+--------------+
Note: For table entries with two numbers listed, the numbers in parentheses indicate the number of resources of the given type used by the specific entity alone. The numbers listed outside of parentheses indicate the total resources of the given type used by the specific entity and all of its sub-entities in the hierarchy.


+----------------------------------------------------------------------------------------------------------------------------------------------------------------------------------------------------+
; Analysis & Synthesis RAM Summary                                                                                                                                                                   ;
+-------------------------------------------------------------------------------------------------+------+-------------+--------------+--------------+--------------+--------------+------+----------+
; Name                                                                                            ; Type ; Mode        ; Port A Depth ; Port A Width ; Port B Depth ; Port B Width ; Size ; MIF      ;
+-------------------------------------------------------------------------------------------------+------+-------------+--------------+--------------+--------------+--------------+------+----------+
; data_memory:md|altsyncram:altsyncram_component|altsyncram_unc1:auto_generated|ALTSYNCRAM        ; AUTO ; Single Port ; 256          ; 32           ; --           ; --           ; 8192 ; data.hex ;
; memory_instruction:mi|altsyncram:altsyncram_component|altsyncram_6m71:auto_generated|ALTSYNCRAM ; AUTO ; ROM         ; 256          ; 32           ; --           ; --           ; 8192 ; text.hex ;
+-------------------------------------------------------------------------------------------------+------+-------------+--------------+--------------+--------------+--------------+------+----------+


+--------------------------------------------------------------------------------------------------------------------------------------------------------------------------------------------+
; Analysis & Synthesis IP Cores Summary                                                                                                                                                      ;
+--------+--------------+---------+--------------+--------------+---------------------------------+------------------------------------------------------------------------------------------+
; Vendor ; IP Core Name ; Version ; Release Date ; License Type ; Entity Instance                 ; IP Include File                                                                          ;
+--------+--------------+---------+--------------+--------------+---------------------------------+------------------------------------------------------------------------------------------+
; Altera ; RAM: 1-PORT  ; 13.0    ; N/A          ; N/A          ; |uniciclo|data_memory:md        ; C:/Users/letic/Documents/GitHub/OAC-Trabalho-Final/riscv_uniciclo/data_memory.vhd        ;
; Altera ; ROM: 1-PORT  ; 13.0    ; N/A          ; N/A          ; |uniciclo|memory_instruction:mi ; C:/Users/letic/Documents/GitHub/OAC-Trabalho-Final/riscv_uniciclo/memory_instruction.vhd ;
+--------+--------------+---------+--------------+--------------+---------------------------------+------------------------------------------------------------------------------------------+


+--------------------------------------------------------------------------------------+
; Registers Removed During Synthesis                                                   ;
+----------------------------------------+---------------------------------------------+
; Register name                          ; Reason for Removal                          ;
+----------------------------------------+---------------------------------------------+
; xreg:b_regis|um_Reg[0][0]              ; Stuck at GND due to stuck port clock_enable ;
; xreg:b_regis|um_Reg[0][31]             ; Stuck at GND due to stuck port clock_enable ;
; xreg:b_regis|um_Reg[0][30]             ; Stuck at GND due to stuck port clock_enable ;
; xreg:b_regis|um_Reg[0][29]             ; Stuck at GND due to stuck port clock_enable ;
; xreg:b_regis|um_Reg[0][28]             ; Stuck at GND due to stuck port clock_enable ;
; xreg:b_regis|um_Reg[0][27]             ; Stuck at GND due to stuck port clock_enable ;
; xreg:b_regis|um_Reg[0][26]             ; Stuck at GND due to stuck port clock_enable ;
; xreg:b_regis|um_Reg[0][25]             ; Stuck at GND due to stuck port clock_enable ;
; xreg:b_regis|um_Reg[0][24]             ; Stuck at GND due to stuck port clock_enable ;
; xreg:b_regis|um_Reg[0][23]             ; Stuck at GND due to stuck port clock_enable ;
; xreg:b_regis|um_Reg[0][22]             ; Stuck at GND due to stuck port clock_enable ;
; xreg:b_regis|um_Reg[0][21]             ; Stuck at GND due to stuck port clock_enable ;
; xreg:b_regis|um_Reg[0][20]             ; Stuck at GND due to stuck port clock_enable ;
; xreg:b_regis|um_Reg[0][19]             ; Stuck at GND due to stuck port clock_enable ;
; xreg:b_regis|um_Reg[0][18]             ; Stuck at GND due to stuck port clock_enable ;
; xreg:b_regis|um_Reg[0][17]             ; Stuck at GND due to stuck port clock_enable ;
; xreg:b_regis|um_Reg[0][16]             ; Stuck at GND due to stuck port clock_enable ;
; xreg:b_regis|um_Reg[0][15]             ; Stuck at GND due to stuck port clock_enable ;
; xreg:b_regis|um_Reg[0][14]             ; Stuck at GND due to stuck port clock_enable ;
; xreg:b_regis|um_Reg[0][13]             ; Stuck at GND due to stuck port clock_enable ;
; xreg:b_regis|um_Reg[0][12]             ; Stuck at GND due to stuck port clock_enable ;
; xreg:b_regis|um_Reg[0][11]             ; Stuck at GND due to stuck port clock_enable ;
; xreg:b_regis|um_Reg[0][10]             ; Stuck at GND due to stuck port clock_enable ;
; xreg:b_regis|um_Reg[0][9]              ; Stuck at GND due to stuck port clock_enable ;
; xreg:b_regis|um_Reg[0][8]              ; Stuck at GND due to stuck port clock_enable ;
; xreg:b_regis|um_Reg[0][7]              ; Stuck at GND due to stuck port clock_enable ;
; xreg:b_regis|um_Reg[0][6]              ; Stuck at GND due to stuck port clock_enable ;
; xreg:b_regis|um_Reg[0][5]              ; Stuck at GND due to stuck port clock_enable ;
; xreg:b_regis|um_Reg[0][4]              ; Stuck at GND due to stuck port clock_enable ;
; xreg:b_regis|um_Reg[0][3]              ; Stuck at GND due to stuck port clock_enable ;
; xreg:b_regis|um_Reg[0][2]              ; Stuck at GND due to stuck port clock_enable ;
; xreg:b_regis|um_Reg[0][1]              ; Stuck at GND due to stuck port clock_enable ;
; Total Number of Removed Registers = 32 ;                                             ;
+----------------------------------------+---------------------------------------------+


+-----------------------------------------------------------------------------------------------------+
; Removed Registers Triggering Further Register Optimizations                                         ;
+---------------------------+--------------------------------+----------------------------------------+
; Register name             ; Reason for Removal             ; Registers Removed due to This Register ;
+---------------------------+--------------------------------+----------------------------------------+
; xreg:b_regis|um_Reg[0][4] ; Stuck at GND                   ; xreg:b_regis|um_Reg[0][1]              ;
;                           ; due to stuck port clock_enable ;                                        ;
; xreg:b_regis|um_Reg[0][3] ; Stuck at GND                   ; xreg:b_regis|um_Reg[0][2]              ;
;                           ; due to stuck port clock_enable ;                                        ;
+---------------------------+--------------------------------+----------------------------------------+


+------------------------------------------------------+
; General Register Statistics                          ;
+----------------------------------------------+-------+
; Statistic                                    ; Value ;
+----------------------------------------------+-------+
; Total registers                              ; 1024  ;
; Number of registers using Synchronous Clear  ; 0     ;
; Number of registers using Synchronous Load   ; 0     ;
; Number of registers using Asynchronous Clear ; 1024  ;
; Number of registers using Asynchronous Load  ; 0     ;
; Number of registers using Clock Enable       ; 992   ;
; Number of registers using Preset             ; 0     ;
+----------------------------------------------+-------+


+--------------------------------------------------------------------------------------------------------------------------------------------+
; Multiplexer Restructuring Statistics (Restructuring Performed)                                                                             ;
+--------------------+-----------+---------------+----------------------+------------------------+------------+------------------------------+
; Multiplexer Inputs ; Bus Width ; Baseline Area ; Area if Restructured ; Saving if Restructured ; Registered ; Example Multiplexer Output   ;
+--------------------+-----------+---------------+----------------------+------------------------+------------+------------------------------+
; 3:1                ; 12 bits   ; 24 LEs        ; 12 LEs               ; 12 LEs                 ; No         ; |uniciclo|genImm32:imm|Mux31 ;
; 3:1                ; 4 bits    ; 8 LEs         ; 4 LEs                ; 4 LEs                  ; No         ; |uniciclo|genImm32:imm|Mux31 ;
; 3:1                ; 12 bits   ; 24 LEs        ; 24 LEs               ; 0 LEs                  ; No         ; |uniciclo|genImm32:imm|Mux3  ;
; 32:1               ; 32 bits   ; 672 LEs       ; 672 LEs              ; 0 LEs                  ; No         ; |uniciclo|xreg:b_regis|Mux4  ;
; 32:1               ; 32 bits   ; 672 LEs       ; 672 LEs              ; 0 LEs                  ; No         ; |uniciclo|xreg:b_regis|Mux59 ;
; 8:1                ; 6 bits    ; 30 LEs        ; 18 LEs               ; 12 LEs                 ; No         ; |uniciclo|genImm32:imm|Mux26 ;
; 11:1               ; 4 bits    ; 28 LEs        ; 16 LEs               ; 12 LEs                 ; No         ; |uniciclo|genImm32:imm|Mux30 ;
; 9:1                ; 8 bits    ; 48 LEs        ; 24 LEs               ; 24 LEs                 ; No         ; |uniciclo|genImm32:imm|Mux19 ;
; 23:1               ; 7 bits    ; 105 LEs       ; 56 LEs               ; 49 LEs                 ; No         ; |uniciclo|ula:alu|Mux11      ;
; 22:1               ; 7 bits    ; 98 LEs        ; 56 LEs               ; 42 LEs                 ; No         ; |uniciclo|ula:alu|Mux19      ;
; 24:1               ; 4 bits    ; 64 LEs        ; 36 LEs               ; 28 LEs                 ; No         ; |uniciclo|ula:alu|Mux5       ;
; 23:1               ; 4 bits    ; 60 LEs        ; 36 LEs               ; 24 LEs                 ; No         ; |uniciclo|ula:alu|Mux24      ;
; 25:1               ; 2 bits    ; 32 LEs        ; 18 LEs               ; 14 LEs                 ; No         ; |uniciclo|ula:alu|Mux2       ;
; 24:1               ; 2 bits    ; 32 LEs        ; 20 LEs               ; 12 LEs                 ; No         ; |uniciclo|ula:alu|Mux28      ;
+--------------------+-----------+---------------+----------------------+------------------------+------------+------------------------------+


+-------------------------------------------------------------------------------------------------------------+
; Source assignments for memory_instruction:mi|altsyncram:altsyncram_component|altsyncram_6m71:auto_generated ;
+---------------------------------+--------------------+------+-----------------------------------------------+
; Assignment                      ; Value              ; From ; To                                            ;
+---------------------------------+--------------------+------+-----------------------------------------------+
; OPTIMIZE_POWER_DURING_SYNTHESIS ; NORMAL_COMPILATION ; -    ; -                                             ;
+---------------------------------+--------------------+------+-----------------------------------------------+


+------------------------------------------------------------------------------------------------------+
; Source assignments for data_memory:md|altsyncram:altsyncram_component|altsyncram_unc1:auto_generated ;
+---------------------------------+--------------------+------+----------------------------------------+
; Assignment                      ; Value              ; From ; To                                     ;
+---------------------------------+--------------------+------+----------------------------------------+
; OPTIMIZE_POWER_DURING_SYNTHESIS ; NORMAL_COMPILATION ; -    ; -                                      ;
+---------------------------------+--------------------+------+----------------------------------------+


+-----------------------------------------------------------+
; Parameter Settings for User Entity Instance: xreg:b_regis ;
+----------------+-------+----------------------------------+
; Parameter Name ; Value ; Type                             ;
+----------------+-------+----------------------------------+
; WSIZE          ; 32    ; Signed Integer                   ;
+----------------+-------+----------------------------------+
Note: In order to hide this table in the UI and the text report file, please set the "Show Parameter Settings in Synthesis Report" option in "Analysis and Synthesis Settings -> More Settings" to "Off".


+------------------------------------------------------+
; Parameter Settings for User Entity Instance: pc:PC_P ;
+----------------+-------+-----------------------------+
; Parameter Name ; Value ; Type                        ;
+----------------+-------+-----------------------------+
; wsize          ; 32    ; Signed Integer              ;
+----------------+-------+-----------------------------+
Note: In order to hide this table in the UI and the text report file, please set the "Show Parameter Settings in Synthesis Report" option in "Analysis and Synthesis Settings -> More Settings" to "Off".


+---------------------------------------------------------------+
; Parameter Settings for User Entity Instance: somador:sum_pc_4 ;
+----------------+-------+--------------------------------------+
; Parameter Name ; Value ; Type                                 ;
+----------------+-------+--------------------------------------+
; wsize          ; 32    ; Signed Integer                       ;
+----------------+-------+--------------------------------------+
Note: In order to hide this table in the UI and the text report file, please set the "Show Parameter Settings in Synthesis Report" option in "Analysis and Synthesis Settings -> More Settings" to "Off".


+----------------------------------------------------------------------------------------------------+
; Parameter Settings for User Entity Instance: memory_instruction:mi|altsyncram:altsyncram_component ;
+------------------------------------+----------------------+----------------------------------------+
; Parameter Name                     ; Value                ; Type                                   ;
+------------------------------------+----------------------+----------------------------------------+
; BYTE_SIZE_BLOCK                    ; 8                    ; Untyped                                ;
; AUTO_CARRY_CHAINS                  ; ON                   ; AUTO_CARRY                             ;
; IGNORE_CARRY_BUFFERS               ; OFF                  ; IGNORE_CARRY                           ;
; AUTO_CASCADE_CHAINS                ; ON                   ; AUTO_CASCADE                           ;
; IGNORE_CASCADE_BUFFERS             ; OFF                  ; IGNORE_CASCADE                         ;
; WIDTH_BYTEENA                      ; 1                    ; Untyped                                ;
; OPERATION_MODE                     ; ROM                  ; Untyped                                ;
; WIDTH_A                            ; 32                   ; Signed Integer                         ;
; WIDTHAD_A                          ; 8                    ; Signed Integer                         ;
; NUMWORDS_A                         ; 256                  ; Signed Integer                         ;
; OUTDATA_REG_A                      ; UNREGISTERED         ; Untyped                                ;
; ADDRESS_ACLR_A                     ; NONE                 ; Untyped                                ;
; OUTDATA_ACLR_A                     ; NONE                 ; Untyped                                ;
; WRCONTROL_ACLR_A                   ; NONE                 ; Untyped                                ;
; INDATA_ACLR_A                      ; NONE                 ; Untyped                                ;
; BYTEENA_ACLR_A                     ; NONE                 ; Untyped                                ;
; WIDTH_B                            ; 1                    ; Untyped                                ;
; WIDTHAD_B                          ; 1                    ; Untyped                                ;
; NUMWORDS_B                         ; 1                    ; Untyped                                ;
; INDATA_REG_B                       ; CLOCK1               ; Untyped                                ;
; WRCONTROL_WRADDRESS_REG_B          ; CLOCK1               ; Untyped                                ;
; RDCONTROL_REG_B                    ; CLOCK1               ; Untyped                                ;
; ADDRESS_REG_B                      ; CLOCK1               ; Untyped                                ;
; OUTDATA_REG_B                      ; UNREGISTERED         ; Untyped                                ;
; BYTEENA_REG_B                      ; CLOCK1               ; Untyped                                ;
; INDATA_ACLR_B                      ; NONE                 ; Untyped                                ;
; WRCONTROL_ACLR_B                   ; NONE                 ; Untyped                                ;
; ADDRESS_ACLR_B                     ; NONE                 ; Untyped                                ;
; OUTDATA_ACLR_B                     ; NONE                 ; Untyped                                ;
; RDCONTROL_ACLR_B                   ; NONE                 ; Untyped                                ;
; BYTEENA_ACLR_B                     ; NONE                 ; Untyped                                ;
; WIDTH_BYTEENA_A                    ; 1                    ; Signed Integer                         ;
; WIDTH_BYTEENA_B                    ; 1                    ; Untyped                                ;
; RAM_BLOCK_TYPE                     ; AUTO                 ; Untyped                                ;
; BYTE_SIZE                          ; 8                    ; Untyped                                ;
; READ_DURING_WRITE_MODE_MIXED_PORTS ; DONT_CARE            ; Untyped                                ;
; READ_DURING_WRITE_MODE_PORT_A      ; NEW_DATA_NO_NBE_READ ; Untyped                                ;
; READ_DURING_WRITE_MODE_PORT_B      ; NEW_DATA_NO_NBE_READ ; Untyped                                ;
; INIT_FILE                          ; text.hex             ; Untyped                                ;
; INIT_FILE_LAYOUT                   ; PORT_A               ; Untyped                                ;
; MAXIMUM_DEPTH                      ; 0                    ; Untyped                                ;
; CLOCK_ENABLE_INPUT_A               ; BYPASS               ; Untyped                                ;
; CLOCK_ENABLE_INPUT_B               ; NORMAL               ; Untyped                                ;
; CLOCK_ENABLE_OUTPUT_A              ; BYPASS               ; Untyped                                ;
; CLOCK_ENABLE_OUTPUT_B              ; NORMAL               ; Untyped                                ;
; CLOCK_ENABLE_CORE_A                ; USE_INPUT_CLKEN      ; Untyped                                ;
; CLOCK_ENABLE_CORE_B                ; USE_INPUT_CLKEN      ; Untyped                                ;
; ENABLE_ECC                         ; FALSE                ; Untyped                                ;
; ECC_PIPELINE_STAGE_ENABLED         ; FALSE                ; Untyped                                ;
; WIDTH_ECCSTATUS                    ; 3                    ; Untyped                                ;
; DEVICE_FAMILY                      ; Cyclone II           ; Untyped                                ;
; CBXI_PARAMETER                     ; altsyncram_6m71      ; Untyped                                ;
+------------------------------------+----------------------+----------------------------------------+
Note: In order to hide this table in the UI and the text report file, please set the "Show Parameter Settings in Synthesis Report" option in "Analysis and Synthesis Settings -> More Settings" to "Off".


+-----------------------------------------------------------------+
; Parameter Settings for User Entity Instance: somador:sum_imm_pc ;
+----------------+-------+----------------------------------------+
; Parameter Name ; Value ; Type                                   ;
+----------------+-------+----------------------------------------+
; wsize          ; 32    ; Signed Integer                         ;
+----------------+-------+----------------------------------------+
Note: In order to hide this table in the UI and the text report file, please set the "Show Parameter Settings in Synthesis Report" option in "Analysis and Synthesis Settings -> More Settings" to "Off".


+---------------------------------------------------------------------------------------------+
; Parameter Settings for User Entity Instance: data_memory:md|altsyncram:altsyncram_component ;
+------------------------------------+----------------------+---------------------------------+
; Parameter Name                     ; Value                ; Type                            ;
+------------------------------------+----------------------+---------------------------------+
; BYTE_SIZE_BLOCK                    ; 8                    ; Untyped                         ;
; AUTO_CARRY_CHAINS                  ; ON                   ; AUTO_CARRY                      ;
; IGNORE_CARRY_BUFFERS               ; OFF                  ; IGNORE_CARRY                    ;
; AUTO_CASCADE_CHAINS                ; ON                   ; AUTO_CASCADE                    ;
; IGNORE_CASCADE_BUFFERS             ; OFF                  ; IGNORE_CASCADE                  ;
; WIDTH_BYTEENA                      ; 1                    ; Untyped                         ;
; OPERATION_MODE                     ; SINGLE_PORT          ; Untyped                         ;
; WIDTH_A                            ; 32                   ; Signed Integer                  ;
; WIDTHAD_A                          ; 8                    ; Signed Integer                  ;
; NUMWORDS_A                         ; 256                  ; Signed Integer                  ;
; OUTDATA_REG_A                      ; UNREGISTERED         ; Untyped                         ;
; ADDRESS_ACLR_A                     ; NONE                 ; Untyped                         ;
; OUTDATA_ACLR_A                     ; NONE                 ; Untyped                         ;
; WRCONTROL_ACLR_A                   ; NONE                 ; Untyped                         ;
; INDATA_ACLR_A                      ; NONE                 ; Untyped                         ;
; BYTEENA_ACLR_A                     ; NONE                 ; Untyped                         ;
; WIDTH_B                            ; 1                    ; Untyped                         ;
; WIDTHAD_B                          ; 1                    ; Untyped                         ;
; NUMWORDS_B                         ; 1                    ; Untyped                         ;
; INDATA_REG_B                       ; CLOCK1               ; Untyped                         ;
; WRCONTROL_WRADDRESS_REG_B          ; CLOCK1               ; Untyped                         ;
; RDCONTROL_REG_B                    ; CLOCK1               ; Untyped                         ;
; ADDRESS_REG_B                      ; CLOCK1               ; Untyped                         ;
; OUTDATA_REG_B                      ; UNREGISTERED         ; Untyped                         ;
; BYTEENA_REG_B                      ; CLOCK1               ; Untyped                         ;
; INDATA_ACLR_B                      ; NONE                 ; Untyped                         ;
; WRCONTROL_ACLR_B                   ; NONE                 ; Untyped                         ;
; ADDRESS_ACLR_B                     ; NONE                 ; Untyped                         ;
; OUTDATA_ACLR_B                     ; NONE                 ; Untyped                         ;
; RDCONTROL_ACLR_B                   ; NONE                 ; Untyped                         ;
; BYTEENA_ACLR_B                     ; NONE                 ; Untyped                         ;
; WIDTH_BYTEENA_A                    ; 1                    ; Signed Integer                  ;
; WIDTH_BYTEENA_B                    ; 1                    ; Untyped                         ;
; RAM_BLOCK_TYPE                     ; AUTO                 ; Untyped                         ;
; BYTE_SIZE                          ; 8                    ; Untyped                         ;
; READ_DURING_WRITE_MODE_MIXED_PORTS ; DONT_CARE            ; Untyped                         ;
; READ_DURING_WRITE_MODE_PORT_A      ; NEW_DATA_NO_NBE_READ ; Untyped                         ;
; READ_DURING_WRITE_MODE_PORT_B      ; NEW_DATA_NO_NBE_READ ; Untyped                         ;
; INIT_FILE                          ; data.hex             ; Untyped                         ;
; INIT_FILE_LAYOUT                   ; PORT_A               ; Untyped                         ;
; MAXIMUM_DEPTH                      ; 0                    ; Untyped                         ;
; CLOCK_ENABLE_INPUT_A               ; BYPASS               ; Untyped                         ;
; CLOCK_ENABLE_INPUT_B               ; NORMAL               ; Untyped                         ;
; CLOCK_ENABLE_OUTPUT_A              ; BYPASS               ; Untyped                         ;
; CLOCK_ENABLE_OUTPUT_B              ; NORMAL               ; Untyped                         ;
; CLOCK_ENABLE_CORE_A                ; USE_INPUT_CLKEN      ; Untyped                         ;
; CLOCK_ENABLE_CORE_B                ; USE_INPUT_CLKEN      ; Untyped                         ;
; ENABLE_ECC                         ; FALSE                ; Untyped                         ;
; ECC_PIPELINE_STAGE_ENABLED         ; FALSE                ; Untyped                         ;
; WIDTH_ECCSTATUS                    ; 3                    ; Untyped                         ;
; DEVICE_FAMILY                      ; Cyclone II           ; Untyped                         ;
; CBXI_PARAMETER                     ; altsyncram_unc1      ; Untyped                         ;
+------------------------------------+----------------------+---------------------------------+
Note: In order to hide this table in the UI and the text report file, please set the "Show Parameter Settings in Synthesis Report" option in "Analysis and Synthesis Settings -> More Settings" to "Off".


+---------------------------------------------------------------------------------------------------+
; altsyncram Parameter Settings by Entity Instance                                                  ;
+-------------------------------------------+-------------------------------------------------------+
; Name                                      ; Value                                                 ;
+-------------------------------------------+-------------------------------------------------------+
; Number of entity instances                ; 2                                                     ;
; Entity Instance                           ; memory_instruction:mi|altsyncram:altsyncram_component ;
;     -- OPERATION_MODE                     ; ROM                                                   ;
;     -- WIDTH_A                            ; 32                                                    ;
;     -- NUMWORDS_A                         ; 256                                                   ;
;     -- OUTDATA_REG_A                      ; UNREGISTERED                                          ;
;     -- WIDTH_B                            ; 1                                                     ;
;     -- NUMWORDS_B                         ; 1                                                     ;
;     -- ADDRESS_REG_B                      ; CLOCK1                                                ;
;     -- OUTDATA_REG_B                      ; UNREGISTERED                                          ;
;     -- RAM_BLOCK_TYPE                     ; AUTO                                                  ;
;     -- READ_DURING_WRITE_MODE_MIXED_PORTS ; DONT_CARE                                             ;
; Entity Instance                           ; data_memory:md|altsyncram:altsyncram_component        ;
;     -- OPERATION_MODE                     ; SINGLE_PORT                                           ;
;     -- WIDTH_A                            ; 32                                                    ;
;     -- NUMWORDS_A                         ; 256                                                   ;
;     -- OUTDATA_REG_A                      ; UNREGISTERED                                          ;
;     -- WIDTH_B                            ; 1                                                     ;
;     -- NUMWORDS_B                         ; 1                                                     ;
;     -- ADDRESS_REG_B                      ; CLOCK1                                                ;
;     -- OUTDATA_REG_B                      ; UNREGISTERED                                          ;
;     -- RAM_BLOCK_TYPE                     ; AUTO                                                  ;
;     -- READ_DURING_WRITE_MODE_MIXED_PORTS ; DONT_CARE                                             ;
+-------------------------------------------+-------------------------------------------------------+


+----------------------------------------------+
; Port Connectivity Checks: "somador:sum_pc_4" ;
+----------+-------+----------+----------------+
; Port     ; Type  ; Severity ; Details        ;
+----------+-------+----------+----------------+
; b[31..3] ; Input ; Info     ; Stuck at GND   ;
; b[1..0]  ; Input ; Info     ; Stuck at GND   ;
; b[2]     ; Input ; Info     ; Stuck at VCC   ;
+----------+-------+----------+----------------+


+-------------------------------+
; Elapsed Time Per Partition    ;
+----------------+--------------+
; Partition Name ; Elapsed Time ;
+----------------+--------------+
; Top            ; 00:00:08     ;
+----------------+--------------+


+-------------------------------+
; Analysis & Synthesis Messages ;
+-------------------------------+
Info: *******************************************************************
Info: Running Quartus II 64-Bit Analysis & Synthesis
    Info: Version 13.0.1 Build 232 06/12/2013 Service Pack 1 SJ Web Edition
    Info: Processing started: Mon Jun 24 02:55:53 2019
Info: Command: quartus_map --read_settings_files=on --write_settings_files=off uniciclo -c uniciclo
Warning (20028): Parallel compilation is not licensed and has been disabled
Info (12021): Found 2 design units, including 1 entities, in source file uniciclo.vhd
    Info (12022): Found design unit 1: uniciclo-rtl
    Info (12023): Found entity 1: uniciclo
Info (12021): Found 2 design units, including 1 entities, in source file uniciclo_tb.vhd
    Info (12022): Found design unit 1: uniciclo_tb-uniciclo_arch
    Info (12023): Found entity 1: uniciclo_tb
Info (12021): Found 2 design units, including 1 entities, in source file xreg.vhd
    Info (12022): Found design unit 1: xreg-behavioral
    Info (12023): Found entity 1: xreg
Info (12021): Found 2 design units, including 1 entities, in source file control.vhd
    Info (12022): Found design unit 1: control-rtl
    Info (12023): Found entity 1: control
Info (12021): Found 2 design units, including 1 entities, in source file c_ula.vhd
    Info (12022): Found design unit 1: c_ula-rtl
    Info (12023): Found entity 1: c_ula
Info (12021): Found 2 design units, including 1 entities, in source file ula.vhd
    Info (12022): Found design unit 1: ula-behavioral
    Info (12023): Found entity 1: ula
Info (12021): Found 2 design units, including 1 entities, in source file somador.vhd
    Info (12022): Found design unit 1: somador-rtl
    Info (12023): Found entity 1: somador
Info (12021): Found 2 design units, including 1 entities, in source file pc.vhd
    Info (12022): Found design unit 1: pc-rtl
    Info (12023): Found entity 1: pc
Info (12021): Found 2 design units, including 1 entities, in source file multiplexador_5_bits.vhd
    Info (12022): Found design unit 1: multiplexador_5_bits-rtl
    Info (12023): Found entity 1: multiplexador_5_bits
Info (12021): Found 2 design units, including 1 entities, in source file multiplexador_32_bits.vhd
    Info (12022): Found design unit 1: multiplexador_32_bits-rtl
    Info (12023): Found entity 1: multiplexador_32_bits
Info (12021): Found 2 design units, including 1 entities, in source file genimm32.vhd
    Info (12022): Found design unit 1: genImm32-behavioral
    Info (12023): Found entity 1: genImm32
Info (12021): Found 2 design units, including 1 entities, in source file data_memory.vhd
    Info (12022): Found design unit 1: data_memory-SYN
    Info (12023): Found entity 1: data_memory
Info (12021): Found 2 design units, including 1 entities, in source file memory_instruction.vhd
    Info (12022): Found design unit 1: memory_instruction-SYN
    Info (12023): Found entity 1: memory_instruction
Info (12021): Found 1 design units, including 0 entities, in source file types_components.vhd
    Info (12022): Found design unit 1: types_components
Info (12127): Elaborating entity "uniciclo" for the top level hierarchy
Info (12128): Elaborating entity "genImm32" for hierarchy "genImm32:imm"
Info (12128): Elaborating entity "c_ula" for hierarchy "c_ula:contr_ula"
Info (12128): Elaborating entity "ula" for hierarchy "ula:alu"
Info (12128): Elaborating entity "multiplexador_32_bits" for hierarchy "multiplexador_32_bits:mux_inB_ula"
Info (12128): Elaborating entity "xreg" for hierarchy "xreg:b_regis"
Info (12128): Elaborating entity "pc" for hierarchy "pc:PC_P"
Info (12128): Elaborating entity "somador" for hierarchy "somador:sum_pc_4"
Info (12128): Elaborating entity "memory_instruction" for hierarchy "memory_instruction:mi"
Info (12128): Elaborating entity "altsyncram" for hierarchy "memory_instruction:mi|altsyncram:altsyncram_component"
Info (12130): Elaborated megafunction instantiation "memory_instruction:mi|altsyncram:altsyncram_component"
Info (12133): Instantiated megafunction "memory_instruction:mi|altsyncram:altsyncram_component" with the following parameter:
    Info (12134): Parameter "clock_enable_input_a" = "BYPASS"
    Info (12134): Parameter "clock_enable_output_a" = "BYPASS"
    Info (12134): Parameter "init_file" = "text.hex"
    Info (12134): Parameter "intended_device_family" = "Cyclone II"
    Info (12134): Parameter "lpm_hint" = "ENABLE_RUNTIME_MOD=NO"
    Info (12134): Parameter "lpm_type" = "altsyncram"
    Info (12134): Parameter "numwords_a" = "256"
    Info (12134): Parameter "operation_mode" = "ROM"
    Info (12134): Parameter "outdata_aclr_a" = "NONE"
    Info (12134): Parameter "outdata_reg_a" = "UNREGISTERED"
    Info (12134): Parameter "widthad_a" = "8"
    Info (12134): Parameter "width_a" = "32"
    Info (12134): Parameter "width_byteena_a" = "1"
Info (12021): Found 1 design units, including 1 entities, in source file db/altsyncram_6m71.tdf
    Info (12023): Found entity 1: altsyncram_6m71
Info (12128): Elaborating entity "altsyncram_6m71" for hierarchy "memory_instruction:mi|altsyncram:altsyncram_component|altsyncram_6m71:auto_generated"
Info (12128): Elaborating entity "control" for hierarchy "control:ctrl"
Warning (10036): Verilog HDL or VHDL warning at control.vhd(19): object "MemRea" assigned a value but never read
Info (12128): Elaborating entity "data_memory" for hierarchy "data_memory:md"
Info (12128): Elaborating entity "altsyncram" for hierarchy "data_memory:md|altsyncram:altsyncram_component"
Info (12130): Elaborated megafunction instantiation "data_memory:md|altsyncram:altsyncram_component"
Info (12133): Instantiated megafunction "data_memory:md|altsyncram:altsyncram_component" with the following parameter:
    Info (12134): Parameter "clock_enable_input_a" = "BYPASS"
    Info (12134): Parameter "clock_enable_output_a" = "BYPASS"
    Info (12134): Parameter "init_file" = "data.hex"
    Info (12134): Parameter "intended_device_family" = "Cyclone II"
    Info (12134): Parameter "lpm_hint" = "ENABLE_RUNTIME_MOD=NO"
    Info (12134): Parameter "lpm_type" = "altsyncram"
    Info (12134): Parameter "numwords_a" = "256"
    Info (12134): Parameter "operation_mode" = "SINGLE_PORT"
    Info (12134): Parameter "outdata_aclr_a" = "NONE"
    Info (12134): Parameter "outdata_reg_a" = "UNREGISTERED"
    Info (12134): Parameter "power_up_uninitialized" = "FALSE"
    Info (12134): Parameter "widthad_a" = "8"
    Info (12134): Parameter "width_a" = "32"
    Info (12134): Parameter "width_byteena_a" = "1"
Info (12021): Found 1 design units, including 1 entities, in source file db/altsyncram_unc1.tdf
    Info (12023): Found entity 1: altsyncram_unc1
Info (12128): Elaborating entity "altsyncram_unc1" for hierarchy "data_memory:md|altsyncram:altsyncram_component|altsyncram_unc1:auto_generated"
Info (16010): Generating hard_block partition "hard_block:auto_generated_inst"
    Info (16011): Adding 0 node(s), including 0 DDIO, 0 PLL, 0 transceiver and 0 LCELL
Info (21057): Implemented 3594 device resources after synthesis - the final resource count might be different
    Info (21058): Implemented 3 input pins
    Info (21059): Implemented 128 output pins
    Info (21061): Implemented 3399 logic cells
    Info (21064): Implemented 64 RAM segments
Info: Quartus II 64-Bit Analysis & Synthesis was successful. 0 errors, 2 warnings
    Info: Peak virtual memory: 4682 megabytes
    Info: Processing ended: Mon Jun 24 02:56:04 2019
    Info: Elapsed time: 00:00:11
    Info: Total CPU time (on all processors): 00:00:11


